
=== Wed Aug 24 02:31:49 2022

Packages were changed.
Update Mode: mergeDefaultDependencies

The following packages were added:
  com.unity.modules.ai@1.0.0
  com.unity.modules.androidjni@1.0.0
  com.unity.modules.animation@1.0.0
  com.unity.modules.assetbundle@1.0.0
  com.unity.modules.audio@1.0.0
  com.unity.modules.cloth@1.0.0
  com.unity.modules.director@1.0.0
  com.unity.modules.imageconversion@1.0.0
  com.unity.modules.imgui@1.0.0
  com.unity.modules.jsonserialize@1.0.0
  com.unity.modules.particlesystem@1.0.0
  com.unity.modules.physics@1.0.0
  com.unity.modules.physics2d@1.0.0
  com.unity.modules.screencapture@1.0.0
  com.unity.modules.terrain@1.0.0
  com.unity.modules.terrainphysics@1.0.0
  com.unity.modules.tilemap@1.0.0
  com.unity.modules.ui@1.0.0
  com.unity.modules.uielements@1.0.0
  com.unity.modules.umbra@1.0.0
  com.unity.modules.unityanalytics@1.0.0
  com.unity.modules.unitywebrequest@1.0.0
  com.unity.modules.unitywebrequestassetbundle@1.0.0
  com.unity.modules.unitywebrequestaudio@1.0.0
  com.unity.modules.unitywebrequesttexture@1.0.0
  com.unity.modules.unitywebrequestwww@1.0.0
  com.unity.modules.vehicles@1.0.0
  com.unity.modules.video@1.0.0
  com.unity.modules.vr@1.0.0
  com.unity.modules.wind@1.0.0
  com.unity.modules.xr@1.0.0
The following packages were updated:
  com.unity.collab-proxy from version 1.9.0 to 1.17.1
  com.unity.ide.rider from version 3.0.7 to 3.0.15
  com.unity.ide.visualstudio from version 2.0.11 to 2.0.16
  com.unity.ide.vscode from version 1.2.4 to 1.2.5
  com.unity.test-framework from version 1.1.29 to 1.1.31
  com.unity.timeline from version 1.6.2 to 1.6.4
  com.unity.visualscripting from version 1.7.2 to 1.7.8

=== Sun Aug 28 01:40:31 2022

Packages were changed.
Update Mode: mergeDefaultDependencies

The following packages were added:
  com.unity.2d.psdimporter@2.1.11
  com.unity.recorder@2.5.7

=== Sun Aug 28 01:45:23 2022

Packages were changed.
Update Mode: resetToDefaultDependencies

The following packages were removed:
  com.unity.2d.psdimporter@2.1.11
  com.unity.feature.2d@1.0.0
  com.unity.recorder@2.5.7

=== Sun Aug 28 01:46:41 2022

Packages were changed.
Update Mode: mergeDefaultDependencies

The following packages were added:
  com.unity.2d.psdimporter@2.1.11
  com.unity.recorder@2.5.7

=== Sun Aug 28 02:03:40 2022

Packages were changed.
Update Mode: resetToDefaultDependencies

The following packages were removed:
  com.unity.2d.psdimporter@2.1.11
  com.unity.recorder@2.5.7

=== Sun Aug 28 02:14:41 2022

Packages were changed.
Update Mode: mergeDefaultDependencies

The following packages were added:
  com.unity.2d.psdimporter@2.1.11
  com.unity.recorder@2.5.7

=== Sun Aug 28 02:15:38 2022

Packages were changed.
Update Mode: resetToDefaultDependencies

The following packages were removed:
  com.unity.2d.psdimporter@2.1.11
  com.unity.recorder@2.5.7

=== Mon Oct  3 16:41:15 2022

Packages were changed.
Update Mode: updateDependencies

The following packages were updated:
  com.unity.collab-proxy from version 1.17.1 to 1.17.2

=== Thu Nov 17 02:11:26 2022

Packages were changed.
Update Mode: updateDependencies

The following packages were updated:
  com.unity.collab-proxy from version 1.17.2 to 1.17.6

=== Wed Dec 14 11:10:50 2022

Packages were changed.
Update Mode: updateDependencies

The following packages were updated:
  com.unity.collab-proxy from version 1.17.6 to 1.17.7
  com.unity.ide.rider from version 3.0.15 to 3.0.16

=== Mon Dec 19 13:23:57 2022

Packages were changed.
Update Mode: updateDependencies

The following packages were updated:
  com.unity.collab-proxy from version 1.14.9 to 1.17.7
  com.unity.ide.rider from version 1.2.1 to 3.0.16
  com.unity.ide.visualstudio from version 2.0.12 to 2.0.16
  com.unity.ide.vscode from version 1.2.4 to 1.2.5
  com.unity.test-framework from version 1.1.29 to 1.1.31
  com.unity.textmeshpro from version 2.1.6 to 3.0.6
  com.unity.timeline from version 1.2.18 to 1.6.4

=== Thu Apr 13 04:58:36 2023

Packages were changed.
Update Mode: updateDependencies

The following packages were updated:
  com.unity.collab-proxy from version 1.17.7 to 2.0.1
  com.unity.ide.rider from version 3.0.16 to 3.0.18
  com.unity.ide.visualstudio from version 2.0.16 to 2.0.17
  com.unity.visualscripting from version 1.7.8 to 1.8.0

=== Fri May 12 15:27:50 2023

Packages were changed.
Update Mode: updateDependencies

The following packages were updated:
  com.unity.collab-proxy from version 2.0.1 to 2.0.3
  com.unity.ide.rider from version 3.0.18 to 3.0.20
  com.unity.ide.visualstudio from version 2.0.17 to 2.0.18

=== Fri May 12 17:32:29 2023

Packages were changed.
Update Mode: updateDependencies

The following packages were updated:
  com.unity.collab-proxy from version 2.0.3 to 2.0.4
  com.unity.ide.rider from version 3.0.20 to 3.0.21
  com.unity.timeline from version 1.6.4 to 1.6.5

=== Wed Jun 14 02:53:00 2023

Packages were changed.
Update Mode: updateDependencies

The following packages were added:
  com.unity.ai.navigation@1.1.3
The following packages were updated:
  com.unity.test-framework from version 1.1.31 to 1.1.33
  com.unity.timeline from version 1.6.5 to 1.7.4

=== Wed Sep 20 23:37:29 2023

Packages were changed.
Update Mode: updateDependencies

The following packages were updated:
  com.unity.ai.navigation from version 1.1.3 to 1.1.4
  com.unity.collab-proxy from version 2.0.4 to 2.0.7
  com.unity.ide.rider from version 3.0.21 to 3.0.24
  com.unity.timeline from version 1.7.4 to 1.7.5
  com.unity.visualscripting from version 1.8.0 to 1.9.0
